This file contains any messages produced by compilers while
running configure, to aid debugging if configure makes a mistake.

It was created by LibHTP configure 0.5.41, which was
generated by GNU Autoconf 2.69.  Invocation command line was

  $ ./configure --disable-option-checking --prefix=/usr --sysconfdir=/etc/ --localstatedir=/var --enable-lua --cache-file=/dev/null --srcdir=.

## --------- ##
## Platform. ##
## --------- ##

hostname = compsechost
uname -m = x86_64
uname -r = 5.15.0-50-generic
uname -s = Linux
uname -v = #56-Ubuntu SMP Tue Sep 20 13:23:26 UTC 2022

/usr/bin/uname -p = x86_64
/bin/uname -X     = unknown

/bin/arch              = x86_64
/usr/bin/arch -k       = unknown
/usr/convex/getsysinfo = unknown
/usr/bin/hostinfo      = unknown
/bin/machine           = unknown
/usr/bin/oslevel       = unknown
/bin/universe          = unknown

PATH: /usr/local/sbin
PATH: /usr/local/bin
PATH: /usr/sbin
PATH: /usr/bin
PATH: /sbin
PATH: /bin
PATH: /usr/games
PATH: /usr/local/games
PATH: /snap/bin


## ----------- ##
## Core tests. ##
## ----------- ##

configure:2423: checking for a BSD-compatible install
configure:2491: result: /usr/bin/install -c
configure:2502: checking whether build environment is sane
configure:2557: result: yes
configure:2708: checking for a thread-safe mkdir -p
configure:2747: result: /usr/bin/mkdir -p
configure:2754: checking for gawk
configure:2770: found /usr/bin/gawk
configure:2781: result: gawk
configure:2792: checking whether make sets $(MAKE)
configure:2814: result: yes
configure:2843: checking whether make supports nested variables
configure:2860: result: yes
configure:3120: checking for gcc
configure:3136: found /usr/bin/gcc
configure:3147: result: gcc
configure:3376: checking for C compiler version
configure:3385: gcc --version >&5
gcc (Ubuntu 11.3.0-1ubuntu1~22.04) 11.3.0
Copyright (C) 2021 Free Software Foundation, Inc.
This is free software; see the source for copying conditions.  There is NO
warranty; not even for MERCHANTABILITY or FITNESS FOR A PARTICULAR PURPOSE.

configure:3396: $? = 0
configure:3385: gcc -v >&5
Using built-in specs.
COLLECT_GCC=gcc
COLLECT_LTO_WRAPPER=/usr/lib/gcc/x86_64-linux-gnu/11/lto-wrapper
OFFLOAD_TARGET_NAMES=nvptx-none:amdgcn-amdhsa
OFFLOAD_TARGET_DEFAULT=1
Target: x86_64-linux-gnu
Configured with: ../src/configure -v --with-pkgversion='Ubuntu 11.3.0-1ubuntu1~22.04' --with-bugurl=file:///usr/share/doc/gcc-11/README.Bugs --enable-languages=c,ada,c++,go,brig,d,fortran,objc,obj-c++,m2 --prefix=/usr --with-gcc-major-version-only --program-suffix=-11 --program-prefix=x86_64-linux-gnu- --enable-shared --enable-linker-build-id --libexecdir=/usr/lib --without-included-gettext --enable-threads=posix --libdir=/usr/lib --enable-nls --enable-bootstrap --enable-clocale=gnu --enable-libstdcxx-debug --enable-libstdcxx-time=yes --with-default-libstdcxx-abi=new --enable-gnu-unique-object --disable-vtable-verify --enable-plugin --enable-default-pie --with-system-zlib --enable-libphobos-checking=release --with-target-system-zlib=auto --enable-objc-gc=auto --enable-multiarch --disable-werror --enable-cet --with-arch-32=i686 --with-abi=m64 --with-multilib-list=m32,m64,mx32 --enable-multilib --with-tune=generic --enable-offload-targets=nvptx-none=/build/gcc-11-xKiWfi/gcc-11-11.3.0/debian/tmp-nvptx/usr,amdgcn-amdhsa=/build/gcc-11-xKiWfi/gcc-11-11.3.0/debian/tmp-gcn/usr --without-cuda-driver --enable-checking=release --build=x86_64-linux-gnu --host=x86_64-linux-gnu --target=x86_64-linux-gnu --with-build-config=bootstrap-lto-lean --enable-link-serialization=2
Thread model: posix
Supported LTO compression algorithms: zlib zstd
gcc version 11.3.0 (Ubuntu 11.3.0-1ubuntu1~22.04) 
... rest of stderr output deleted ...
configure:3396: $? = 0
configure:3385: gcc -V >&5
gcc: error: unrecognized command-line option '-V'
gcc: fatal error: no input files
compilation terminated.
configure:3396: $? = 1
configure:3385: gcc -qversion >&5
gcc: error: unrecognized command-line option '-qversion'; did you mean '--version'?
gcc: fatal error: no input files
compilation terminated.
configure:3396: $? = 1
configure:3416: checking whether the C compiler works
configure:3438: gcc  -O2  -O2  conftest.c  >&5
configure:3442: $? = 0
configure:3490: result: yes
configure:3493: checking for C compiler default output file name
configure:3495: result: a.out
configure:3501: checking for suffix of executables
configure:3508: gcc -o conftest  -O2  -O2  conftest.c  >&5
configure:3512: $? = 0
configure:3534: result: 
configure:3556: checking whether we are cross compiling
configure:3564: gcc -o conftest  -O2  -O2  conftest.c  >&5
configure:3568: $? = 0
configure:3575: ./conftest
configure:3579: $? = 0
configure:3594: result: no
configure:3599: checking for suffix of object files
configure:3621: gcc -c  -O2  -O2 conftest.c >&5
configure:3625: $? = 0
configure:3646: result: o
configure:3650: checking whether we are using the GNU C compiler
configure:3669: gcc -c  -O2  -O2 conftest.c >&5
configure:3669: $? = 0
configure:3678: result: yes
configure:3687: checking whether gcc accepts -g
configure:3707: gcc -c -g  -O2 conftest.c >&5
configure:3707: $? = 0
configure:3748: result: yes
configure:3765: checking for gcc option to accept ISO C89
configure:3828: gcc  -c  -O2  -O2 conftest.c >&5
configure:3828: $? = 0
configure:3841: result: none needed
configure:3866: checking whether gcc understands -c and -o together
configure:3888: gcc -c conftest.c -o conftest2.o
configure:3891: $? = 0
configure:3888: gcc -c conftest.c -o conftest2.o
configure:3891: $? = 0
configure:3903: result: yes
configure:3923: checking whether make supports the include directive
configure:3938: make -f confmf.GNU && cat confinc.out
this is the am__doit target
configure:3941: $? = 0
configure:3960: result: yes (GNU style)
configure:3985: checking dependency style of gcc
configure:4096: result: gcc3
configure:4170: checking for g++
configure:4186: found /usr/bin/g++
configure:4197: result: g++
configure:4224: checking for C++ compiler version
configure:4233: g++ --version >&5
g++ (Ubuntu 11.3.0-1ubuntu1~22.04) 11.3.0
Copyright (C) 2021 Free Software Foundation, Inc.
This is free software; see the source for copying conditions.  There is NO
warranty; not even for MERCHANTABILITY or FITNESS FOR A PARTICULAR PURPOSE.

configure:4244: $? = 0
configure:4233: g++ -v >&5
Using built-in specs.
COLLECT_GCC=g++
COLLECT_LTO_WRAPPER=/usr/lib/gcc/x86_64-linux-gnu/11/lto-wrapper
OFFLOAD_TARGET_NAMES=nvptx-none:amdgcn-amdhsa
OFFLOAD_TARGET_DEFAULT=1
Target: x86_64-linux-gnu
Configured with: ../src/configure -v --with-pkgversion='Ubuntu 11.3.0-1ubuntu1~22.04' --with-bugurl=file:///usr/share/doc/gcc-11/README.Bugs --enable-languages=c,ada,c++,go,brig,d,fortran,objc,obj-c++,m2 --prefix=/usr --with-gcc-major-version-only --program-suffix=-11 --program-prefix=x86_64-linux-gnu- --enable-shared --enable-linker-build-id --libexecdir=/usr/lib --without-included-gettext --enable-threads=posix --libdir=/usr/lib --enable-nls --enable-bootstrap --enable-clocale=gnu --enable-libstdcxx-debug --enable-libstdcxx-time=yes --with-default-libstdcxx-abi=new --enable-gnu-unique-object --disable-vtable-verify --enable-plugin --enable-default-pie --with-system-zlib --enable-libphobos-checking=release --with-target-system-zlib=auto --enable-objc-gc=auto --enable-multiarch --disable-werror --enable-cet --with-arch-32=i686 --with-abi=m64 --with-multilib-list=m32,m64,mx32 --enable-multilib --with-tune=generic --enable-offload-targets=nvptx-none=/build/gcc-11-xKiWfi/gcc-11-11.3.0/debian/tmp-nvptx/usr,amdgcn-amdhsa=/build/gcc-11-xKiWfi/gcc-11-11.3.0/debian/tmp-gcn/usr --without-cuda-driver --enable-checking=release --build=x86_64-linux-gnu --host=x86_64-linux-gnu --target=x86_64-linux-gnu --with-build-config=bootstrap-lto-lean --enable-link-serialization=2
Thread model: posix
Supported LTO compression algorithms: zlib zstd
gcc version 11.3.0 (Ubuntu 11.3.0-1ubuntu1~22.04) 
... rest of stderr output deleted ...
configure:4244: $? = 0
configure:4233: g++ -V >&5
g++: error: unrecognized command-line option '-V'
g++: fatal error: no input files
compilation terminated.
configure:4244: $? = 1
configure:4233: g++ -qversion >&5
g++: error: unrecognized command-line option '-qversion'; did you mean '--version'?
g++: fatal error: no input files
compilation terminated.
configure:4244: $? = 1
configure:4248: checking whether we are using the GNU C++ compiler
configure:4267: g++ -c   -O2 conftest.cpp >&5
configure:4267: $? = 0
configure:4276: result: yes
configure:4285: checking whether g++ accepts -g
configure:4305: g++ -c -g  -O2 conftest.cpp >&5
configure:4305: $? = 0
configure:4346: result: yes
configure:4371: checking dependency style of g++
configure:4482: result: gcc3
configure:4526: checking build system type
configure:4540: result: x86_64-pc-linux-gnu
configure:4560: checking host system type
configure:4573: result: x86_64-pc-linux-gnu
configure:4614: checking how to print strings
configure:4641: result: printf
configure:4662: checking for a sed that does not truncate output
configure:4726: result: /usr/bin/sed
configure:4744: checking for grep that handles long lines and -e
configure:4802: result: /usr/bin/grep
configure:4807: checking for egrep
configure:4869: result: /usr/bin/grep -E
configure:4874: checking for fgrep
configure:4936: result: /usr/bin/grep -F
configure:4971: checking for ld used by gcc
configure:5038: result: /usr/bin/ld
configure:5045: checking if the linker (/usr/bin/ld) is GNU ld
configure:5060: result: yes
configure:5072: checking for BSD- or MS-compatible name lister (nm)
configure:5126: result: /usr/bin/nm -B
configure:5256: checking the name lister (/usr/bin/nm -B) interface
configure:5263: gcc -c  -O2  -O2 conftest.c >&5
configure:5266: /usr/bin/nm -B "conftest.o"
configure:5269: output
0000000000000000 B some_variable
configure:5276: result: BSD nm
configure:5279: checking whether ln -s works
configure:5283: result: yes
configure:5291: checking the maximum length of command line arguments
configure:5422: result: 1572864
configure:5470: checking how to convert x86_64-pc-linux-gnu file names to x86_64-pc-linux-gnu format
configure:5510: result: func_convert_file_noop
configure:5517: checking how to convert x86_64-pc-linux-gnu file names to toolchain format
configure:5537: result: func_convert_file_noop
configure:5544: checking for /usr/bin/ld option to reload object files
configure:5551: result: -r
configure:5625: checking for objdump
configure:5641: found /usr/bin/objdump
configure:5652: result: objdump
configure:5684: checking how to recognize dependent libraries
configure:5884: result: pass_all
configure:5969: checking for dlltool
configure:5999: result: no
configure:6029: checking how to associate runtime and link libraries
configure:6056: result: printf %s\n
configure:6117: checking for ar
configure:6133: found /usr/bin/ar
configure:6144: result: ar
configure:6181: checking for archiver @FILE support
configure:6198: gcc -c  -O2  -O2 conftest.c >&5
configure:6198: $? = 0
configure:6201: ar cru libconftest.a @conftest.lst >&5
ar: `u' modifier ignored since `D' is the default (see `U')
configure:6204: $? = 0
configure:6209: ar cru libconftest.a @conftest.lst >&5
ar: `u' modifier ignored since `D' is the default (see `U')
ar: conftest.o: No such file or directory
configure:6212: $? = 1
configure:6224: result: @
configure:6282: checking for strip
configure:6298: found /usr/bin/strip
configure:6309: result: strip
configure:6381: checking for ranlib
configure:6397: found /usr/bin/ranlib
configure:6408: result: ranlib
configure:6510: checking command to parse /usr/bin/nm -B output from gcc object
configure:6663: gcc -c  -O2  -O2 conftest.c >&5
configure:6666: $? = 0
configure:6670: /usr/bin/nm -B conftest.o | sed -n -e 's/^.*[	 ]\([ABCDGIRSTW][ABCDGIRSTW]*\)[	 ][	 ]*\([_A-Za-z][_A-Za-z0-9]*\)$/\1 \2 \2/p' | sed '/ __gnu_lto/d' > conftest.nm
configure:6736: gcc -o conftest  -O2  -O2  conftest.c conftstm.o >&5
configure:6739: $? = 0
configure:6777: result: ok
configure:6824: checking for sysroot
configure:6854: result: no
configure:6861: checking for a working dd
configure:6899: result: /usr/bin/dd
configure:6903: checking how to truncate binary pipes
configure:6918: result: /usr/bin/dd bs=4096 count=1
configure:7054: gcc -c  -O2  -O2 conftest.c >&5
configure:7057: $? = 0
configure:7247: checking for mt
configure:7263: found /usr/bin/mt
configure:7274: result: mt
configure:7297: checking if mt is a manifest tool
configure:7303: mt '-?'
configure:7311: result: no
configure:7988: checking how to run the C preprocessor
configure:8019: gcc -E  -O2 conftest.c
configure:8019: $? = 0
configure:8033: gcc -E  -O2 conftest.c
conftest.c:11:10: fatal error: ac_nonexistent.h: No such file or directory
   11 | #include <ac_nonexistent.h>
      |          ^~~~~~~~~~~~~~~~~~
compilation terminated.
configure:8033: $? = 1
configure: failed program was:
| /* confdefs.h */
| #define PACKAGE_NAME "LibHTP"
| #define PACKAGE_TARNAME "libhtp"
| #define PACKAGE_VERSION "0.5.41"
| #define PACKAGE_STRING "LibHTP 0.5.41"
| #define PACKAGE_BUGREPORT ""
| #define PACKAGE_URL ""
| #define PACKAGE "libhtp"
| #define VERSION "0.5.41"
| /* end confdefs.h.  */
| #include <ac_nonexistent.h>
configure:8058: result: gcc -E
configure:8078: gcc -E  -O2 conftest.c
configure:8078: $? = 0
configure:8092: gcc -E  -O2 conftest.c
conftest.c:11:10: fatal error: ac_nonexistent.h: No such file or directory
   11 | #include <ac_nonexistent.h>
      |          ^~~~~~~~~~~~~~~~~~
compilation terminated.
configure:8092: $? = 1
configure: failed program was:
| /* confdefs.h */
| #define PACKAGE_NAME "LibHTP"
| #define PACKAGE_TARNAME "libhtp"
| #define PACKAGE_VERSION "0.5.41"
| #define PACKAGE_STRING "LibHTP 0.5.41"
| #define PACKAGE_BUGREPORT ""
| #define PACKAGE_URL ""
| #define PACKAGE "libhtp"
| #define VERSION "0.5.41"
| /* end confdefs.h.  */
| #include <ac_nonexistent.h>
configure:8121: checking for ANSI C header files
configure:8141: gcc -c  -O2  -O2 conftest.c >&5
configure:8141: $? = 0
configure:8214: gcc -o conftest  -O2  -O2  conftest.c  >&5
configure:8214: $? = 0
configure:8214: ./conftest
configure:8214: $? = 0
configure:8225: result: yes
configure:8238: checking for sys/types.h
configure:8238: gcc -c  -O2  -O2 conftest.c >&5
configure:8238: $? = 0
configure:8238: result: yes
configure:8238: checking for sys/stat.h
configure:8238: gcc -c  -O2  -O2 conftest.c >&5
configure:8238: $? = 0
configure:8238: result: yes
configure:8238: checking for stdlib.h
configure:8238: gcc -c  -O2  -O2 conftest.c >&5
configure:8238: $? = 0
configure:8238: result: yes
configure:8238: checking for string.h
configure:8238: gcc -c  -O2  -O2 conftest.c >&5
configure:8238: $? = 0
configure:8238: result: yes
configure:8238: checking for memory.h
configure:8238: gcc -c  -O2  -O2 conftest.c >&5
configure:8238: $? = 0
configure:8238: result: yes
configure:8238: checking for strings.h
configure:8238: gcc -c  -O2  -O2 conftest.c >&5
configure:8238: $? = 0
configure:8238: result: yes
configure:8238: checking for inttypes.h
configure:8238: gcc -c  -O2  -O2 conftest.c >&5
configure:8238: $? = 0
configure:8238: result: yes
configure:8238: checking for stdint.h
configure:8238: gcc -c  -O2  -O2 conftest.c >&5
configure:8238: $? = 0
configure:8238: result: yes
configure:8238: checking for unistd.h
configure:8238: gcc -c  -O2  -O2 conftest.c >&5
configure:8238: $? = 0
configure:8238: result: yes
configure:8252: checking for dlfcn.h
configure:8252: gcc -c  -O2  -O2 conftest.c >&5
configure:8252: $? = 0
configure:8252: result: yes
configure:8519: checking for objdir
configure:8534: result: .libs
configure:8798: checking if gcc supports -fno-rtti -fno-exceptions
configure:8816: gcc -c  -O2  -O2 -fno-rtti -fno-exceptions conftest.c >&5
cc1: warning: command-line option '-fno-rtti' is valid for C++/D/ObjC++ but not for C
configure:8820: $? = 0
configure:8833: result: no
configure:9191: checking for gcc option to produce PIC
configure:9198: result: -fPIC -DPIC
configure:9206: checking if gcc PIC flag -fPIC -DPIC works
configure:9224: gcc -c  -O2  -O2 -fPIC -DPIC -DPIC conftest.c >&5
configure:9228: $? = 0
configure:9241: result: yes
configure:9270: checking if gcc static flag -static works
configure:9298: result: yes
configure:9313: checking if gcc supports -c -o file.o
configure:9334: gcc -c  -O2  -O2 -o out/conftest2.o conftest.c >&5
configure:9338: $? = 0
configure:9360: result: yes
configure:9368: checking if gcc supports -c -o file.o
configure:9415: result: yes
configure:9448: checking whether the gcc linker (/usr/bin/ld -m elf_x86_64) supports shared libraries
configure:10711: result: yes
configure:10748: checking whether -lc should be explicitly linked in
configure:10756: gcc -c  -O2  -O2 conftest.c >&5
configure:10759: $? = 0
configure:10774: gcc -shared  -fPIC -DPIC conftest.o  -v -Wl,-soname -Wl,conftest -o conftest 2\>\&1 \| /usr/bin/grep  -lc  \>/dev/null 2\>\&1
configure:10777: $? = 0
configure:10791: result: no
configure:10951: checking dynamic linker characteristics
configure:11532: gcc -o conftest  -O2  -O2  -Wl,-rpath -Wl,/foo conftest.c  >&5
configure:11532: $? = 0
configure:11781: result: GNU/Linux ld.so
configure:11903: checking how to hardcode library paths into programs
configure:11928: result: immediate
configure:12476: checking whether stripping libraries is possible
configure:12481: result: yes
configure:12516: checking if libtool supports shared libraries
configure:12518: result: yes
configure:12521: checking whether to build shared libraries
configure:12546: result: yes
configure:12549: checking whether to build static libraries
configure:12553: result: yes
configure:12576: checking how to run the C++ preprocessor
configure:12603: g++ -E  -O2 conftest.cpp
configure:12603: $? = 0
configure:12617: g++ -E  -O2 conftest.cpp
conftest.cpp:23:10: fatal error: ac_nonexistent.h: No such file or directory
   23 | #include <ac_nonexistent.h>
      |          ^~~~~~~~~~~~~~~~~~
compilation terminated.
configure:12617: $? = 1
configure: failed program was:
| /* confdefs.h */
| #define PACKAGE_NAME "LibHTP"
| #define PACKAGE_TARNAME "libhtp"
| #define PACKAGE_VERSION "0.5.41"
| #define PACKAGE_STRING "LibHTP 0.5.41"
| #define PACKAGE_BUGREPORT ""
| #define PACKAGE_URL ""
| #define PACKAGE "libhtp"
| #define VERSION "0.5.41"
| #define STDC_HEADERS 1
| #define HAVE_SYS_TYPES_H 1
| #define HAVE_SYS_STAT_H 1
| #define HAVE_STDLIB_H 1
| #define HAVE_STRING_H 1
| #define HAVE_MEMORY_H 1
| #define HAVE_STRINGS_H 1
| #define HAVE_INTTYPES_H 1
| #define HAVE_STDINT_H 1
| #define HAVE_UNISTD_H 1
| #define HAVE_DLFCN_H 1
| #define LT_OBJDIR ".libs/"
| /* end confdefs.h.  */
| #include <ac_nonexistent.h>
configure:12642: result: g++ -E
configure:12662: g++ -E  -O2 conftest.cpp
configure:12662: $? = 0
configure:12676: g++ -E  -O2 conftest.cpp
conftest.cpp:23:10: fatal error: ac_nonexistent.h: No such file or directory
   23 | #include <ac_nonexistent.h>
      |          ^~~~~~~~~~~~~~~~~~
compilation terminated.
configure:12676: $? = 1
configure: failed program was:
| /* confdefs.h */
| #define PACKAGE_NAME "LibHTP"
| #define PACKAGE_TARNAME "libhtp"
| #define PACKAGE_VERSION "0.5.41"
| #define PACKAGE_STRING "LibHTP 0.5.41"
| #define PACKAGE_BUGREPORT ""
| #define PACKAGE_URL ""
| #define PACKAGE "libhtp"
| #define VERSION "0.5.41"
| #define STDC_HEADERS 1
| #define HAVE_SYS_TYPES_H 1
| #define HAVE_SYS_STAT_H 1
| #define HAVE_STDLIB_H 1
| #define HAVE_STRING_H 1
| #define HAVE_MEMORY_H 1
| #define HAVE_STRINGS_H 1
| #define HAVE_INTTYPES_H 1
| #define HAVE_STDINT_H 1
| #define HAVE_UNISTD_H 1
| #define HAVE_DLFCN_H 1
| #define LT_OBJDIR ".libs/"
| /* end confdefs.h.  */
| #include <ac_nonexistent.h>
configure:12838: checking for ld used by g++
configure:12905: result: /usr/bin/ld -m elf_x86_64
configure:12912: checking if the linker (/usr/bin/ld -m elf_x86_64) is GNU ld
configure:12927: result: yes
configure:12982: checking whether the g++ linker (/usr/bin/ld -m elf_x86_64) supports shared libraries
configure:14055: result: yes
configure:14091: g++ -c -g -O2  -O2 conftest.cpp >&5
configure:14094: $? = 0
configure:14575: checking for g++ option to produce PIC
configure:14582: result: -fPIC -DPIC
configure:14590: checking if g++ PIC flag -fPIC -DPIC works
configure:14608: g++ -c -g -O2  -O2 -fPIC -DPIC -DPIC conftest.cpp >&5
configure:14612: $? = 0
configure:14625: result: yes
configure:14648: checking if g++ static flag -static works
configure:14676: result: yes
configure:14688: checking if g++ supports -c -o file.o
configure:14709: g++ -c -g -O2  -O2 -o out/conftest2.o conftest.cpp >&5
configure:14713: $? = 0
configure:14735: result: yes
configure:14740: checking if g++ supports -c -o file.o
configure:14787: result: yes
configure:14817: checking whether the g++ linker (/usr/bin/ld -m elf_x86_64) supports shared libraries
configure:14860: result: yes
configure:15001: checking dynamic linker characteristics
configure:15758: result: GNU/Linux ld.so
configure:15823: checking how to hardcode library paths into programs
configure:15848: result: immediate
configure:15909: checking whether build environment is sane
configure:15964: result: yes
configure:15984: checking for strlcpy
configure:15984: gcc -o conftest   -O2  conftest.c  >&5
/usr/bin/ld: /tmp/ccW829o6.o: in function `main':
conftest.c:(.text.startup+0xb): undefined reference to `strlcpy'
collect2: error: ld returned 1 exit status
configure:15984: $? = 1
configure: failed program was:
| /* confdefs.h */
| #define PACKAGE_NAME "LibHTP"
| #define PACKAGE_TARNAME "libhtp"
| #define PACKAGE_VERSION "0.5.41"
| #define PACKAGE_STRING "LibHTP 0.5.41"
| #define PACKAGE_BUGREPORT ""
| #define PACKAGE_URL ""
| #define PACKAGE "libhtp"
| #define VERSION "0.5.41"
| #define STDC_HEADERS 1
| #define HAVE_SYS_TYPES_H 1
| #define HAVE_SYS_STAT_H 1
| #define HAVE_STDLIB_H 1
| #define HAVE_STRING_H 1
| #define HAVE_MEMORY_H 1
| #define HAVE_STRINGS_H 1
| #define HAVE_INTTYPES_H 1
| #define HAVE_STDINT_H 1
| #define HAVE_UNISTD_H 1
| #define HAVE_DLFCN_H 1
| #define LT_OBJDIR ".libs/"
| /* end confdefs.h.  */
| /* Define strlcpy to an innocuous variant, in case <limits.h> declares strlcpy.
|    For example, HP-UX 11i <limits.h> declares gettimeofday.  */
| #define strlcpy innocuous_strlcpy
| 
| /* System header to define __stub macros and hopefully few prototypes,
|     which can conflict with char strlcpy (); below.
|     Prefer <limits.h> to <assert.h> if __STDC__ is defined, since
|     <limits.h> exists even on freestanding compilers.  */
| 
| #ifdef __STDC__
| # include <limits.h>
| #else
| # include <assert.h>
| #endif
| 
| #undef strlcpy
| 
| /* Override any GCC internal prototype to avoid an error.
|    Use char because int might match the return type of a GCC
|    builtin and then its argument prototype would still apply.  */
| #ifdef __cplusplus
| extern "C"
| #endif
| char strlcpy ();
| /* The GNU C library defines this for functions which it implements
|     to always fail with ENOSYS.  Some functions are actually named
|     something starting with __ and the normal name is an alias.  */
| #if defined __stub_strlcpy || defined __stub___strlcpy
| choke me
| #endif
| 
| int
| main ()
| {
| return strlcpy ();
|   ;
|   return 0;
| }
configure:15984: result: no
configure:15984: checking for strlcat
configure:15984: gcc -o conftest   -O2  conftest.c  >&5
/usr/bin/ld: /tmp/ccPpc6t8.o: in function `main':
conftest.c:(.text.startup+0xb): undefined reference to `strlcat'
collect2: error: ld returned 1 exit status
configure:15984: $? = 1
configure: failed program was:
| /* confdefs.h */
| #define PACKAGE_NAME "LibHTP"
| #define PACKAGE_TARNAME "libhtp"
| #define PACKAGE_VERSION "0.5.41"
| #define PACKAGE_STRING "LibHTP 0.5.41"
| #define PACKAGE_BUGREPORT ""
| #define PACKAGE_URL ""
| #define PACKAGE "libhtp"
| #define VERSION "0.5.41"
| #define STDC_HEADERS 1
| #define HAVE_SYS_TYPES_H 1
| #define HAVE_SYS_STAT_H 1
| #define HAVE_STDLIB_H 1
| #define HAVE_STRING_H 1
| #define HAVE_MEMORY_H 1
| #define HAVE_STRINGS_H 1
| #define HAVE_INTTYPES_H 1
| #define HAVE_STDINT_H 1
| #define HAVE_UNISTD_H 1
| #define HAVE_DLFCN_H 1
| #define LT_OBJDIR ".libs/"
| /* end confdefs.h.  */
| /* Define strlcat to an innocuous variant, in case <limits.h> declares strlcat.
|    For example, HP-UX 11i <limits.h> declares gettimeofday.  */
| #define strlcat innocuous_strlcat
| 
| /* System header to define __stub macros and hopefully few prototypes,
|     which can conflict with char strlcat (); below.
|     Prefer <limits.h> to <assert.h> if __STDC__ is defined, since
|     <limits.h> exists even on freestanding compilers.  */
| 
| #ifdef __STDC__
| # include <limits.h>
| #else
| # include <assert.h>
| #endif
| 
| #undef strlcat
| 
| /* Override any GCC internal prototype to avoid an error.
|    Use char because int might match the return type of a GCC
|    builtin and then its argument prototype would still apply.  */
| #ifdef __cplusplus
| extern "C"
| #endif
| char strlcat ();
| /* The GNU C library defines this for functions which it implements
|     to always fail with ENOSYS.  Some functions are actually named
|     something starting with __ and the normal name is an alias.  */
| #if defined __stub_strlcat || defined __stub___strlcat
| choke me
| #endif
| 
| int
| main ()
| {
| return strlcat ();
|   ;
|   return 0;
| }
configure:15984: result: no
configure:15995: checking zlib.h usability
configure:15995: gcc -c  -O2  -O2 conftest.c >&5
configure:15995: $? = 0
configure:15995: result: yes
configure:15995: checking zlib.h presence
configure:15995: gcc -E  -O2 conftest.c
configure:15995: $? = 0
configure:15995: result: yes
configure:15995: checking for zlib.h
configure:15995: result: yes
configure:16004: checking for inflate in -lz
configure:16029: gcc -o conftest  -O2  -O2  conftest.c -lz   >&5
configure:16029: $? = 0
configure:16038: result: yes
configure:16059: checking OS
configure:16096: result: Linux
configure:16195: checking for ld used by GCC
configure:16259: result: /usr/bin/ld -m elf_x86_64
configure:16266: checking if the linker (/usr/bin/ld -m elf_x86_64) is GNU ld
configure:16279: result: yes
configure:16286: checking for shared library run path origin
configure:16299: result: done
configure:16877: checking for iconv
configure:16899: gcc -o conftest  -O2  -O2  conftest.c -lz  >&5
configure:16899: $? = 0
configure:16931: result: yes
configure:16934: checking for working iconv
configure:17029: gcc -o conftest  -O2  -O2  conftest.c -lz  >&5
configure:17029: $? = 0
configure:17029: ./conftest
configure:17029: $? = 0
configure:17041: result: yes
configure:17069: checking for iconv declaration
configure:17098: gcc -c  -O2  -O2 conftest.c >&5
configure:17098: $? = 0
configure:17109: result:
         extern size_t iconv (iconv_t cd, char * *inbuf, size_t *inbytesleft, char * *outbuf, size_t *outbytesleft);
configure:17129: checking for iconvctl
configure:17149: gcc -o conftest  -O2  -O2  conftest.c -lz   >&5
conftest.c: In function 'main':
conftest.c:33:14: warning: implicit declaration of function 'iconvctl'; did you mean 'iconv'? [-Wimplicit-function-declaration]
   33 |              iconvctl(cd, ICONV_SET_DISCARD_ILSEQ, &iconv_param);
      |              ^~~~~~~~
      |              iconv
conftest.c:33:27: error: 'ICONV_SET_DISCARD_ILSEQ' undeclared (first use in this function)
   33 |              iconvctl(cd, ICONV_SET_DISCARD_ILSEQ, &iconv_param);
      |                           ^~~~~~~~~~~~~~~~~~~~~~~
conftest.c:33:27: note: each undeclared identifier is reported only once for each function it appears in
configure:17149: $? = 1
configure: failed program was:
| /* confdefs.h */
| #define PACKAGE_NAME "LibHTP"
| #define PACKAGE_TARNAME "libhtp"
| #define PACKAGE_VERSION "0.5.41"
| #define PACKAGE_STRING "LibHTP 0.5.41"
| #define PACKAGE_BUGREPORT ""
| #define PACKAGE_URL ""
| #define PACKAGE "libhtp"
| #define VERSION "0.5.41"
| #define STDC_HEADERS 1
| #define HAVE_SYS_TYPES_H 1
| #define HAVE_SYS_STAT_H 1
| #define HAVE_STDLIB_H 1
| #define HAVE_STRING_H 1
| #define HAVE_MEMORY_H 1
| #define HAVE_STRINGS_H 1
| #define HAVE_INTTYPES_H 1
| #define HAVE_STDINT_H 1
| #define HAVE_UNISTD_H 1
| #define HAVE_DLFCN_H 1
| #define LT_OBJDIR ".libs/"
| #define HAVE_LIBZ 1
| #define HAVE_ICONV 1
| #define ICONV_CONST 
| /* end confdefs.h.  */
| #include <stdlib.h>
|              #include <iconv.h>
| int
| main ()
| {
| int iconv_param = 0;
|              iconv_t cd = iconv_open("","");
|              iconvctl(cd, ICONV_SET_DISCARD_ILSEQ, &iconv_param);
|              iconv_close(cd);
|   ;
|   return 0;
| }
configure:17154: result: 
configure:17164: checking for gcc support of -Wstrict-overflow=1
configure:17179: gcc -c  -O2 -Wstrict-overflow=1  -O2 conftest.c >&5
configure:17179: $? = 0
configure:17185: result: yes
configure:17192: checking for gcc support of stack smashing protection
configure:17207: gcc -c  -O2 -Wstrict-overflow=1 -fstack-protector  -O2 conftest.c >&5
configure:17207: $? = 0
configure:17213: result: yes
configure:17220: checking for gcc support of FORTIFY_SOURCE
configure:17235: gcc -c  -O2 -Wstrict-overflow=1 -fstack-protector -D_FORTIFY_SOURCE=2  -O2 conftest.c >&5
configure:17235: $? = 0
configure:17241: result: yes
configure:17247: checking for gcc support of -Wformat -Wformat-security
configure:17262: gcc -c  -O2 -Wstrict-overflow=1 -fstack-protector -D_FORTIFY_SOURCE=2 -Wformat -Wformat-security  -O2 conftest.c >&5
configure:17262: $? = 0
configure:17268: result: yes
configure:17274: checking for gcc support of -fPIC
configure:17289: gcc -c  -O2 -Wstrict-overflow=1 -fstack-protector -D_FORTIFY_SOURCE=2 -Wformat -Wformat-security -fPIC  -O2 conftest.c >&5
configure:17289: $? = 0
configure:17295: result: yes
configure:17318: checking for doxygen
configure:17351: result: no
configure:17366: checking for lcov
configure:17397: result: no
configure:17513: checking that generated files are newer than configure
configure:17519: result: done
configure:17541: checking that generated files are newer than configure
configure:17547: result: done
configure:17558: creating ./config.status

## ---------------------- ##
## Running config.status. ##
## ---------------------- ##

This file was extended by LibHTP config.status 0.5.41, which was
generated by GNU Autoconf 2.69.  Invocation command line was

  CONFIG_FILES    = 
  CONFIG_HEADERS  = 
  CONFIG_LINKS    = 
  CONFIG_COMMANDS = 
  $ ./config.status 

on compsechost

config.status:1167: creating htp/htp_version.h
config.status:1167: creating Makefile
config.status:1167: creating htp.pc
config.status:1167: creating htp/Makefile
config.status:1167: creating htp/lzma/Makefile
config.status:1167: creating test/Makefile
config.status:1167: creating docs/Makefile
config.status:1167: creating htp_config_auto_gen.h
config.status:1396: executing depfiles commands
config.status:1473: cd htp       && sed -e '/# am--include-marker/d' Makefile         | make -f - am--depfiles
config.status:1478: $? = 0
config.status:1473: cd htp/lzma       && sed -e '/# am--include-marker/d' Makefile         | make -f - am--depfiles
config.status:1478: $? = 0
config.status:1473: cd test       && sed -e '/# am--include-marker/d' Makefile         | make -f - am--depfiles
config.status:1478: $? = 0
config.status:1396: executing libtool commands

## ---------------- ##
## Cache variables. ##
## ---------------- ##

ac_cv_build=x86_64-pc-linux-gnu
ac_cv_c_compiler_gnu=yes
ac_cv_cxx_compiler_gnu=yes
ac_cv_env_CCC_set=
ac_cv_env_CCC_value=
ac_cv_env_CC_set=
ac_cv_env_CC_value=
ac_cv_env_CFLAGS_set=
ac_cv_env_CFLAGS_value=
ac_cv_env_CPPFLAGS_set=
ac_cv_env_CPPFLAGS_value=
ac_cv_env_CPP_set=
ac_cv_env_CPP_value=
ac_cv_env_CXXCPP_set=
ac_cv_env_CXXCPP_value=
ac_cv_env_CXXFLAGS_set=
ac_cv_env_CXXFLAGS_value=
ac_cv_env_CXX_set=
ac_cv_env_CXX_value=
ac_cv_env_LDFLAGS_set=
ac_cv_env_LDFLAGS_value=
ac_cv_env_LIBS_set=
ac_cv_env_LIBS_value=
ac_cv_env_LT_SYS_LIBRARY_PATH_set=
ac_cv_env_LT_SYS_LIBRARY_PATH_value=
ac_cv_env_build_alias_set=
ac_cv_env_build_alias_value=
ac_cv_env_host_alias_set=
ac_cv_env_host_alias_value=
ac_cv_env_target_alias_set=
ac_cv_env_target_alias_value=
ac_cv_func_strlcat=no
ac_cv_func_strlcpy=no
ac_cv_header_dlfcn_h=yes
ac_cv_header_inttypes_h=yes
ac_cv_header_memory_h=yes
ac_cv_header_stdc=yes
ac_cv_header_stdint_h=yes
ac_cv_header_stdlib_h=yes
ac_cv_header_string_h=yes
ac_cv_header_strings_h=yes
ac_cv_header_sys_stat_h=yes
ac_cv_header_sys_types_h=yes
ac_cv_header_unistd_h=yes
ac_cv_header_zlib_h=yes
ac_cv_host=x86_64-pc-linux-gnu
ac_cv_lib_z_inflate=yes
ac_cv_objext=o
ac_cv_path_EGREP='/usr/bin/grep -E'
ac_cv_path_FGREP='/usr/bin/grep -F'
ac_cv_path_GREP=/usr/bin/grep
ac_cv_path_LCOV=no
ac_cv_path_SED=/usr/bin/sed
ac_cv_path_install='/usr/bin/install -c'
ac_cv_path_lt_DD=/usr/bin/dd
ac_cv_path_mkdir=/usr/bin/mkdir
ac_cv_prog_AWK=gawk
ac_cv_prog_CPP='gcc -E'
ac_cv_prog_CXXCPP='g++ -E'
ac_cv_prog_ac_ct_AR=ar
ac_cv_prog_ac_ct_CC=gcc
ac_cv_prog_ac_ct_CXX=g++
ac_cv_prog_ac_ct_MANIFEST_TOOL=mt
ac_cv_prog_ac_ct_OBJDUMP=objdump
ac_cv_prog_ac_ct_RANLIB=ranlib
ac_cv_prog_ac_ct_STRIP=strip
ac_cv_prog_cc_c89=
ac_cv_prog_cc_g=yes
ac_cv_prog_cxx_g=yes
ac_cv_prog_make_make_set=yes
acl_cv_path_LD='/usr/bin/ld -m elf_x86_64'
acl_cv_prog_gnu_ld=yes
acl_cv_rpath=done
am_cv_CC_dependencies_compiler_type=gcc3
am_cv_CXX_dependencies_compiler_type=gcc3
am_cv_func_iconv=yes
am_cv_func_iconv_works=yes
am_cv_lib_iconv=no
am_cv_make_support_nested_variables=yes
am_cv_prog_cc_c_o=yes
am_cv_proto_iconv='extern size_t iconv (iconv_t cd, char * *inbuf, size_t *inbytesleft, char * *outbuf, size_t *outbytesleft);'
am_cv_proto_iconv_arg1=
lt_cv_ar_at_file=@
lt_cv_archive_cmds_need_lc=no
lt_cv_deplibs_check_method=pass_all
lt_cv_file_magic_cmd='$MAGIC_CMD'
lt_cv_file_magic_test_file=
lt_cv_ld_reload_flag=-r
lt_cv_nm_interface='BSD nm'
lt_cv_objdir=.libs
lt_cv_path_LD=/usr/bin/ld
lt_cv_path_LDCXX='/usr/bin/ld -m elf_x86_64'
lt_cv_path_NM='/usr/bin/nm -B'
lt_cv_path_mainfest_tool=no
lt_cv_prog_compiler_c_o=yes
lt_cv_prog_compiler_c_o_CXX=yes
lt_cv_prog_compiler_pic='-fPIC -DPIC'
lt_cv_prog_compiler_pic_CXX='-fPIC -DPIC'
lt_cv_prog_compiler_pic_works=yes
lt_cv_prog_compiler_pic_works_CXX=yes
lt_cv_prog_compiler_rtti_exceptions=no
lt_cv_prog_compiler_static_works=yes
lt_cv_prog_compiler_static_works_CXX=yes
lt_cv_prog_gnu_ld=yes
lt_cv_prog_gnu_ldcxx=yes
lt_cv_sharedlib_from_linklib_cmd='printf %s\n'
lt_cv_shlibpath_overrides_runpath=yes
lt_cv_sys_global_symbol_pipe='sed -n -e '\''s/^.*[	 ]\([ABCDGIRSTW][ABCDGIRSTW]*\)[	 ][	 ]*\([_A-Za-z][_A-Za-z0-9]*\)$/\1 \2 \2/p'\'' | sed '\''/ __gnu_lto/d'\'''
lt_cv_sys_global_symbol_to_c_name_address='sed -n -e '\''s/^: \(.*\) .*$/  {"\1", (void *) 0},/p'\'' -e '\''s/^[ABCDGIRSTW][ABCDGIRSTW]* .* \(.*\)$/  {"\1", (void *) \&\1},/p'\'''
lt_cv_sys_global_symbol_to_c_name_address_lib_prefix='sed -n -e '\''s/^: \(.*\) .*$/  {"\1", (void *) 0},/p'\'' -e '\''s/^[ABCDGIRSTW][ABCDGIRSTW]* .* \(lib.*\)$/  {"\1", (void *) \&\1},/p'\'' -e '\''s/^[ABCDGIRSTW][ABCDGIRSTW]* .* \(.*\)$/  {"lib\1", (void *) \&\1},/p'\'''
lt_cv_sys_global_symbol_to_cdecl='sed -n -e '\''s/^T .* \(.*\)$/extern int \1();/p'\'' -e '\''s/^[ABCDGIRSTW][ABCDGIRSTW]* .* \(.*\)$/extern char \1;/p'\'''
lt_cv_sys_global_symbol_to_import=
lt_cv_sys_max_cmd_len=1572864
lt_cv_to_host_file_cmd=func_convert_file_noop
lt_cv_to_tool_file_cmd=func_convert_file_noop
lt_cv_truncate_bin='/usr/bin/dd bs=4096 count=1'

## ----------------- ##
## Output variables. ##
## ----------------- ##

ACLOCAL='${SHELL} /home/drdave/s7-dv/libhtp/missing aclocal-1.16'
AMDEPBACKSLASH='\'
AMDEP_FALSE='#'
AMDEP_TRUE=''
AMTAR='$${TAR-tar}'
AM_BACKSLASH='\'
AM_DEFAULT_V='$(AM_DEFAULT_VERBOSITY)'
AM_DEFAULT_VERBOSITY='1'
AM_V='$(V)'
AR='ar'
AUTOCONF='${SHELL} /home/drdave/s7-dv/libhtp/missing autoconf'
AUTOHEADER='${SHELL} /home/drdave/s7-dv/libhtp/missing autoheader'
AUTOMAKE='${SHELL} /home/drdave/s7-dv/libhtp/missing automake-1.16'
AWK='gawk'
CC='gcc'
CCDEPMODE='depmode=gcc3'
CFLAGS=' -O2 -Wstrict-overflow=1 -fstack-protector -D_FORTIFY_SOURCE=2 -Wformat -Wformat-security -fPIC'
CPP='gcc -E'
CPPFLAGS=' -O2'
CXX='g++'
CXXCPP='g++ -E'
CXXDEPMODE='depmode=gcc3'
CXXFLAGS='-g -O2'
CYGPATH_W='echo'
CYGWIN_FALSE=''
CYGWIN_TRUE='#'
DEFS='-DHAVE_CONFIG_H'
DEPDIR='.deps'
DLLTOOL='false'
DOXYGEN=''
DSYMUTIL=''
DUMPBIN=''
ECHO_C=''
ECHO_N='-n'
ECHO_T=''
EGREP='/usr/bin/grep -E'
EXEEXT=''
FGREP='/usr/bin/grep -F'
GENERIC_LIBRARY_NAME='htp'
GENERIC_LIBRARY_VERSION='2:0:0'
GENERIC_RELEASE='0.5.41'
GENERIC_VERSION='0.5.41'
GREP='/usr/bin/grep'
INSTALL_DATA='${INSTALL} -m 644'
INSTALL_PROGRAM='${INSTALL}'
INSTALL_SCRIPT='${INSTALL}'
INSTALL_STRIP_PROGRAM='$(install_sh) -c -s'
LCOV='no'
LD='/usr/bin/ld -m elf_x86_64'
LDFLAGS=''
LIBICONV=''
LIBOBJS=''
LIBS='-lz '
LIBTOOL='$(SHELL) $(top_builddir)/libtool'
LIPO=''
LN_S='ln -s'
LTLIBICONV=''
LTLIBOBJS=''
LT_SYS_LIBRARY_PATH=''
MAKEINFO='${SHELL} /home/drdave/s7-dv/libhtp/missing makeinfo'
MANIFEST_TOOL=':'
MKDIR_P='/usr/bin/mkdir -p'
NM='/usr/bin/nm -B'
NMEDIT=''
OBJDUMP='objdump'
OBJEXT='o'
OTOOL64=''
OTOOL=''
PACKAGE='htp'
PACKAGE_BUGREPORT=''
PACKAGE_NAME='LibHTP'
PACKAGE_STRING='LibHTP 0.5.41'
PACKAGE_TARNAME='libhtp'
PACKAGE_URL=''
PACKAGE_VERSION='0.5.41'
PATH_SEPARATOR=':'
RANLIB='ranlib'
SED='/usr/bin/sed'
SET_MAKE=''
SHELL='/bin/bash'
STRIP='strip'
VERSION='0.5.41'
ac_ct_AR='ar'
ac_ct_CC='gcc'
ac_ct_CXX='g++'
ac_ct_DUMPBIN=''
am__EXEEXT_FALSE=''
am__EXEEXT_TRUE='#'
am__fastdepCC_FALSE='#'
am__fastdepCC_TRUE=''
am__fastdepCXX_FALSE='#'
am__fastdepCXX_TRUE=''
am__include='include'
am__isrc=''
am__leading_dot='.'
am__nodep='_no'
am__quote=''
am__tar='$${TAR-tar} chof - "$$tardir"'
am__untar='$${TAR-tar} xf -'
bindir='${exec_prefix}/bin'
build='x86_64-pc-linux-gnu'
build_alias=''
build_cpu='x86_64'
build_os='linux-gnu'
build_vendor='pc'
datadir='${datarootdir}'
datarootdir='${prefix}/share'
docdir='${datarootdir}/doc/${PACKAGE_TARNAME}'
doxygen=''
dvidir='${docdir}'
exec_prefix='${prefix}'
host='x86_64-pc-linux-gnu'
host_alias=''
host_cpu='x86_64'
host_os='linux-gnu'
host_vendor='pc'
htmldir='${docdir}'
includedir='${prefix}/include'
infodir='${datarootdir}/info'
install_sh='${SHELL} /home/drdave/s7-dv/libhtp/install-sh'
libdir='${exec_prefix}/lib'
libexecdir='${exec_prefix}/libexec'
localedir='${datarootdir}/locale'
localstatedir='/var'
mandir='${datarootdir}/man'
mkdir_p='$(MKDIR_P)'
oldincludedir='/usr/include'
pdfdir='${docdir}'
prefix='/usr'
program_transform_name='s,x,x,'
psdir='${docdir}'
runstatedir='${localstatedir}/run'
sbindir='${exec_prefix}/sbin'
sharedstatedir='${prefix}/com'
sysconfdir='/etc'
target_alias=''

## ----------- ##
## confdefs.h. ##
## ----------- ##

/* confdefs.h */
#define PACKAGE_NAME "LibHTP"
#define PACKAGE_TARNAME "libhtp"
#define PACKAGE_VERSION "0.5.41"
#define PACKAGE_STRING "LibHTP 0.5.41"
#define PACKAGE_BUGREPORT ""
#define PACKAGE_URL ""
#define PACKAGE "libhtp"
#define VERSION "0.5.41"
#define STDC_HEADERS 1
#define HAVE_SYS_TYPES_H 1
#define HAVE_SYS_STAT_H 1
#define HAVE_STDLIB_H 1
#define HAVE_STRING_H 1
#define HAVE_MEMORY_H 1
#define HAVE_STRINGS_H 1
#define HAVE_INTTYPES_H 1
#define HAVE_STDINT_H 1
#define HAVE_UNISTD_H 1
#define HAVE_DLFCN_H 1
#define LT_OBJDIR ".libs/"
#define HAVE_LIBZ 1
#define HAVE_ICONV 1
#define ICONV_CONST 

configure: exit 0
